Platform: macOS-15.6.1-arm64-arm-64bit-Mach-O
Python: 3.13.5 (v3.13.5:6cb20a219a8, Jun 11 2025, 12:23:45) [Clang 16.0.0 (clang-1600.0.26.6)]
⚠️ Defects4J found but returned error
Defects4J Parallel Mutant Generator - ISOLATED & REPRODUCIBLE
============================================================
Platform: macOS-15.6.1-arm64-arm-64bit-Mach-O
Projects: 1
Mutant Percentage: 1.0%
Max Mutations: 4
Random Seed: 42
Workers: 8
Output: /Users/quibliss/Desktop/desk/second/buggy_json_2_18
Output Format: JSON
Features: Isolation ✓ | Cross-platform reproducibility ✓
============================================================

============================================================
ISOLATED PROCESS: Math-5
Seed: 42
Fixed dir: /Users/quibliss/Desktop/desk/second/buggy_json_2_18/Math_5f
Buggy dir: /Users/quibliss/Desktop/desk/second/buggy_json_2_18/Math_5b
Output: /Users/quibliss/Desktop/desk/second/buggy_json_2_18/Math_5_mutants
============================================================
Checking out Math-5f using: defects4j checkout -p Math -v 5f -w /Users/quibliss/Desktop/desk/second/buggy_json_2_18/Math_5f
✓ Checked out Math-5f
✓ Project compiled successfully
✓ Mutation testing completed
Checking out Math-5b using: defects4j checkout -p Math -v 5b -w /Users/quibliss/Desktop/desk/second/buggy_json_2_18/Math_5b
✓ Checked out Math-5b
Found 120 source directories
Parsing mutations from mutants.log...
Parsed 206 total mutations
Total mutations available: 206
Creating 2 mutants (1.0%)
Generated 2 unique mutants for Math-5
Generated 2 unique mutant combinations
[INFO] Loaded 395 bug test mappings from data/bug_dataset.csv
   [PID 58797] Processing Math-5 mutant 36|104
   [PID 58797] Mutant 36|104 will apply the following mutations:
      - File/Class: org.apache.commons.math3.complex.Complex, Line: 123, Mutator: ROR
        Original: imaginary == 0.0
        Mutated : imaginary <= 0.0
      - File/Class: org.apache.commons.math3.complex.Complex, Line: 248, Mutator: STD
        Original: MathUtils.checkNotNull(divisor);
        Mutated : /*MathUtils.checkNotNull(divisor);*/
    Running: defects4j compile
   Running defects4j coverage for test: org.apache.commons.math3.complex.ComplexTest::testReciprocalZero
   Line-rate: 0.0933, Branch-coverage: 0.1000
[INFO] Loaded 395 bug test mappings from data/bug_dataset.csv
   [PID 58798] Processing Math-5 mutant 57|654|697
   [PID 58798] Mutant 57|654|697 will apply the following mutations:
      - File/Class: org.apache.commons.math3.complex.Complex, Line: 129, Mutator: LVR
        Original: 0.0
        Mutated : 1.0
      - File/Class: org.apache.commons.math3.complex.Complex, Line: 1139, Mutator: STD
        Original: result.add(NaN);
        Mutated : /*result.add(NaN);*/
      - File/Class: org.apache.commons.math3.complex.Complex, Line: 1202, Mutator: COR
        Original: Double.isNaN(realPart)
        Mutated : false
    Running: defects4j compile
   Running defects4j coverage for test: org.apache.commons.math3.complex.ComplexTest::testReciprocalZero
   Line-rate: 0.0942, Branch-coverage: 0.1012
Creating comprehensive JSON: /Users/quibliss/Desktop/desk/second/buggy_json_2_18/Math_5_mutants/Math_5_mutant_coverage.json
Created JSON with 2 mutants
✓ Successfully processed Math-5: 2 mutants

Merging JSON results for Math...

Merging JSON files for project: Math
Found 1 JSON files
  Merged data from Math_5_mutant_coverage.json - 2 mutants
✓ Successfully merged 2 mutants from 1 bugs
  Master JSON: /Users/quibliss/Desktop/desk/second/buggy_json_2_18/Math_All_Bugs_Merged.json

============================================================
COMPLETED: 1/1 projects processed successfully
Random Seed Used: 42
Results saved in: /Users/quibliss/Desktop/desk/second/buggy_json_2_18
Output Format: JSON
